This is pdfTeX, Version 3.141592653-2.6-1.40.25 (TeX Live 2023) (preloaded format=pdflatex 2023.8.15)  2 APR 2024 16:53
entering extended mode
 restricted \write18 enabled.
 %&-line parsing enabled.
**ant_cactus_AmNat_v2.tex
(./ant_cactus_AmNat_v2.tex
LaTeX2e <2022-11-01> patch level 1
L3 programming layer <2023-02-22>
(/usr/local/texlive/2023/texmf-dist/tex/latex/base/article.cls
Document Class: article 2022/07/02 v1.4n Standard LaTeX document class
(/usr/local/texlive/2023/texmf-dist/tex/latex/base/size11.clo
File: size11.clo 2022/07/02 v1.4n Standard LaTeX file (size option)
)
\c@part=\count185
\c@section=\count186
\c@subsection=\count187
\c@subsubsection=\count188
\c@paragraph=\count189
\c@subparagraph=\count190
\c@figure=\count191
\c@table=\count192
\abovecaptionskip=\skip48
\belowcaptionskip=\skip49
\bibindent=\dimen140
)
(/usr/local/texlive/2023/texmf-dist/tex/latex/amsmath/amsmath.sty
Package: amsmath 2022/04/08 v2.17n AMS math features
\@mathmargin=\skip50

For additional information on amsmath, use the `?' option.
(/usr/local/texlive/2023/texmf-dist/tex/latex/amsmath/amstext.sty
Package: amstext 2021/08/26 v2.01 AMS text

(/usr/local/texlive/2023/texmf-dist/tex/latex/amsmath/amsgen.sty
File: amsgen.sty 1999/11/30 v2.0 generic functions
\@emptytoks=\toks16
\ex@=\dimen141
))
(/usr/local/texlive/2023/texmf-dist/tex/latex/amsmath/amsbsy.sty
Package: amsbsy 1999/11/29 v1.2d Bold Symbols
\pmbraise@=\dimen142
)
(/usr/local/texlive/2023/texmf-dist/tex/latex/amsmath/amsopn.sty
Package: amsopn 2022/04/08 v2.04 operator names
)
\inf@bad=\count193
LaTeX Info: Redefining \frac on input line 234.
\uproot@=\count194
\leftroot@=\count195
LaTeX Info: Redefining \overline on input line 399.
LaTeX Info: Redefining \colon on input line 410.
\classnum@=\count196
\DOTSCASE@=\count197
LaTeX Info: Redefining \ldots on input line 496.
LaTeX Info: Redefining \dots on input line 499.
LaTeX Info: Redefining \cdots on input line 620.
\Mathstrutbox@=\box51
\strutbox@=\box52
LaTeX Info: Redefining \big on input line 722.
LaTeX Info: Redefining \Big on input line 723.
LaTeX Info: Redefining \bigg on input line 724.
LaTeX Info: Redefining \Bigg on input line 725.
\big@size=\dimen143
LaTeX Font Info:    Redeclaring font encoding OML on input line 743.
LaTeX Font Info:    Redeclaring font encoding OMS on input line 744.
\macc@depth=\count198
LaTeX Info: Redefining \bmod on input line 905.
LaTeX Info: Redefining \pmod on input line 910.
LaTeX Info: Redefining \smash on input line 940.
LaTeX Info: Redefining \relbar on input line 970.
LaTeX Info: Redefining \Relbar on input line 971.
\c@MaxMatrixCols=\count199
\dotsspace@=\muskip16
\c@parentequation=\count266
\dspbrk@lvl=\count267
\tag@help=\toks17
\row@=\count268
\column@=\count269
\maxfields@=\count270
\andhelp@=\toks18
\eqnshift@=\dimen144
\alignsep@=\dimen145
\tagshift@=\dimen146
\tagwidth@=\dimen147
\totwidth@=\dimen148
\lineht@=\dimen149
\@envbody=\toks19
\multlinegap=\skip51
\multlinetaggap=\skip52
\mathdisplay@stack=\toks20
LaTeX Info: Redefining \[ on input line 2953.
LaTeX Info: Redefining \] on input line 2954.
)
(/usr/local/texlive/2023/texmf-dist/tex/latex/psnfss/mathpazo.sty
Package: mathpazo 2020/03/25 PSNFSS-v9.3 Palatino w/ Pazo Math (D.Puga, WaS) 
\symupright=\mathgroup4
)
(/usr/local/texlive/2023/texmf-dist/tex/latex/preprint/fullpage.sty
Package: fullpage 1999/02/23 1.1 (PWD)
\FP@margin=\skip53
)
(/usr/local/texlive/2023/texmf-dist/tex/latex/natbib/natbib.sty
Package: natbib 2010/09/13 8.31b (PWD, AO)
\bibhang=\skip54
\bibsep=\skip55
LaTeX Info: Redefining \cite on input line 694.
\c@NAT@ctr=\count271
)
(/usr/local/texlive/2023/texmf-dist/tex/latex/base/inputenc.sty
Package: inputenc 2021/02/14 v1.3d Input encoding file
\inpenc@prehook=\toks21
\inpenc@posthook=\toks22
)
(/usr/local/texlive/2023/texmf-dist/tex/latex/lineno/lineno.sty
Package: lineno 2023/01/19 line numbers on paragraphs v5.1
\linenopenalty=\count272
\output=\toks23
\linenoprevgraf=\count273
\linenumbersep=\dimen150
\linenumberwidth=\dimen151
\c@linenumber=\count274
\c@pagewiselinenumber=\count275
\c@LN@truepage=\count276
\c@internallinenumber=\count277
\c@internallinenumbers=\count278
\quotelinenumbersep=\dimen152
\bframerule=\dimen153
\bframesep=\dimen154
\bframebox=\box53

(/usr/local/texlive/2023/texmf-dist/tex/latex/etoolbox/etoolbox.sty
Package: etoolbox 2020/10/05 v2.5k e-TeX tools for LaTeX (JAW)
\etb@tempcnta=\count279
)
\linenoamsmath@ams@eqpen=\count280
LaTeX Info: Redefining \\ on input line 3131.
)
(/usr/local/texlive/2023/texmf-dist/tex/latex/titlesec/titlesec.sty
Package: titlesec 2021/07/05 v2.14 Sectioning titles
\ttl@box=\box54
\beforetitleunit=\skip56
\aftertitleunit=\skip57
\ttl@plus=\dimen155
\ttl@minus=\dimen156
\ttl@toksa=\toks24
\titlewidth=\dimen157
\titlewidthlast=\dimen158
\titlewidthfirst=\dimen159
)
(/usr/local/texlive/2023/texmf-dist/tex/latex/xcolor/xcolor.sty
Package: xcolor 2022/06/12 v2.14 LaTeX color extensions (UK)

(/usr/local/texlive/2023/texmf-dist/tex/latex/graphics-cfg/color.cfg
File: color.cfg 2016/01/02 v1.6 sample color configuration
)
Package xcolor Info: Driver file: pdftex.def on input line 227.

(/usr/local/texlive/2023/texmf-dist/tex/latex/graphics-def/pdftex.def
File: pdftex.def 2022/09/22 v1.2b Graphics/color driver for pdftex
)
(/usr/local/texlive/2023/texmf-dist/tex/latex/graphics/mathcolor.ltx)
Package xcolor Info: Model `cmy' substituted by `cmy0' on input line 1353.
Package xcolor Info: Model `hsb' substituted by `rgb' on input line 1357.
Package xcolor Info: Model `RGB' extended on input line 1369.
Package xcolor Info: Model `HTML' substituted by `rgb' on input line 1371.
Package xcolor Info: Model `Hsb' substituted by `hsb' on input line 1372.
Package xcolor Info: Model `tHsb' substituted by `hsb' on input line 1373.
Package xcolor Info: Model `HSB' substituted by `hsb' on input line 1374.
Package xcolor Info: Model `Gray' substituted by `gray' on input line 1375.
Package xcolor Info: Model `wave' substituted by `hsb' on input line 1376.
)
(/usr/local/texlive/2023/texmf-dist/tex/latex/graphics/graphicx.sty
Package: graphicx 2021/09/16 v1.2d Enhanced LaTeX Graphics (DPC,SPQR)

(/usr/local/texlive/2023/texmf-dist/tex/latex/graphics/keyval.sty
Package: keyval 2022/05/29 v1.15 key=value parser (DPC)
\KV@toks@=\toks25
)
(/usr/local/texlive/2023/texmf-dist/tex/latex/graphics/graphics.sty
Package: graphics 2022/03/10 v1.4e Standard LaTeX Graphics (DPC,SPQR)

(/usr/local/texlive/2023/texmf-dist/tex/latex/graphics/trig.sty
Package: trig 2021/08/11 v1.11 sin cos tan (DPC)
)
(/usr/local/texlive/2023/texmf-dist/tex/latex/graphics-cfg/graphics.cfg
File: graphics.cfg 2016/06/04 v1.11 sample graphics configuration
)
Package graphics Info: Driver file: pdftex.def on input line 107.
)
\Gin@req@height=\dimen160
\Gin@req@width=\dimen161
)
(/usr/local/texlive/2023/texmf-dist/tex/latex/placeins/placeins.sty
Package: placeins 2005/04/18  v 2.2
)
(/usr/local/texlive/2023/texmf-dist/tex/latex/float/float.sty
Package: float 2001/11/08 v1.3d Float enhancements (AL)
\c@float@type=\count281
\float@exts=\toks26
\float@box=\box55
\@float@everytoks=\toks27
\@floatcapt=\box56
)
(/usr/local/texlive/2023/texmf-dist/tex/latex/subfigure/subfigure.sty
Package: subfigure 2002/03/15 v2.1.5 subfigure package
\subfigtopskip=\skip58
\subfigcapskip=\skip59
\subfigcaptopadj=\dimen162
\subfigbottomskip=\skip60
\subfigcapmargin=\dimen163
\subfiglabelskip=\skip61
\c@subfigure=\count282
\c@lofdepth=\count283
\c@subtable=\count284
\c@lotdepth=\count285

****************************************
* Local config file subfigure.cfg used *
****************************************
(/usr/local/texlive/2023/texmf-dist/tex/latex/subfigure/subfigure.cfg)
\subfig@top=\skip62
\subfig@bottom=\skip63
)
LaTeX Font Info:    Trying to load font information for OT1+pplx on input line 
49.

(/usr/local/texlive/2023/texmf-dist/tex/latex/psnfss/ot1pplx.fd
File: ot1pplx.fd 2004/09/06 font definitions for OT1/pplx.
)
(/usr/local/texlive/2023/texmf-dist/tex/latex/l3backend/l3backend-pdftex.def
File: l3backend-pdftex.def 2023-01-16 L3 backend support: PDF output (pdfTeX)
\l__color_backend_stack_int=\count286
\l__pdf_internal_box=\box57
)
(./ant_cactus_AmNat_v2.aux)
\openout1 = `ant_cactus_AmNat_v2.aux'.

LaTeX Font Info:    Checking defaults for OML/cmm/m/it on input line 49.
LaTeX Font Info:    ... okay on input line 49.
LaTeX Font Info:    Checking defaults for OMS/cmsy/m/n on input line 49.
LaTeX Font Info:    ... okay on input line 49.
LaTeX Font Info:    Checking defaults for OT1/cmr/m/n on input line 49.
LaTeX Font Info:    ... okay on input line 49.
LaTeX Font Info:    Checking defaults for T1/cmr/m/n on input line 49.
LaTeX Font Info:    ... okay on input line 49.
LaTeX Font Info:    Checking defaults for TS1/cmr/m/n on input line 49.
LaTeX Font Info:    ... okay on input line 49.
LaTeX Font Info:    Checking defaults for OMX/cmex/m/n on input line 49.
LaTeX Font Info:    ... okay on input line 49.
LaTeX Font Info:    Checking defaults for U/cmr/m/n on input line 49.
LaTeX Font Info:    ... okay on input line 49.

(/usr/local/texlive/2023/texmf-dist/tex/context/base/mkii/supp-pdf.mkii
[Loading MPS to PDF converter (version 2006.09.02).]
\scratchcounter=\count287
\scratchdimen=\dimen164
\scratchbox=\box58
\nofMPsegments=\count288
\nofMParguments=\count289
\everyMPshowfont=\toks28
\MPscratchCnt=\count290
\MPscratchDim=\dimen165
\MPnumerator=\count291
\makeMPintoPDFobject=\count292
\everyMPtoPDFconversion=\toks29
) (/usr/local/texlive/2023/texmf-dist/tex/latex/epstopdf-pkg/epstopdf-base.sty
Package: epstopdf-base 2020-01-24 v2.11 Base part for package epstopdf
Package epstopdf-base Info: Redefining graphics rule for `.eps' on input line 4
85.

(/usr/local/texlive/2023/texmf-dist/tex/latex/latexconfig/epstopdf-sys.cfg
File: epstopdf-sys.cfg 2010/07/13 v1.3 Configuration of (r)epstopdf for TeX Liv
e
))
LaTeX Font Info:    Trying to load font information for OML+zplm on input line 
51.

(/usr/local/texlive/2023/texmf-dist/tex/latex/psnfss/omlzplm.fd
File: omlzplm.fd 2002/09/08 Fontinst v1.914 font definitions for OML/zplm.
)
LaTeX Font Info:    Trying to load font information for OMS+zplm on input line 
51.

(/usr/local/texlive/2023/texmf-dist/tex/latex/psnfss/omszplm.fd
File: omszplm.fd 2002/09/08 Fontinst v1.914 font definitions for OMS/zplm.
)
LaTeX Font Info:    Trying to load font information for OMX+zplm on input line 
51.

(/usr/local/texlive/2023/texmf-dist/tex/latex/psnfss/omxzplm.fd
File: omxzplm.fd 2002/09/08 Fontinst v1.914 font definitions for OMX/zplm.
)
LaTeX Font Info:    Trying to load font information for OT1+zplm on input line 
51.

(/usr/local/texlive/2023/texmf-dist/tex/latex/psnfss/ot1zplm.fd
File: ot1zplm.fd 2002/09/08 Fontinst v1.914 font definitions for OT1/zplm.
) [1

{/usr/local/texlive/2023/texmf-var/fonts/map/pdftex/updmap/pdftex.map}{/usr/loc
al/texlive/2023/texmf-dist/fonts/enc/dvips/base/8r.enc}] [2] [3] [4] [5] [6] [7
] [8]
LaTeX Font Info:    Trying to load font information for OML+pplx on input line 
199.
LaTeX Font Info:    No file OMLpplx.fd. on input line 199.


LaTeX Font Warning: Font shape `OML/pplx/m/n' undefined
(Font)              using `OML/cmm/m/it' instead
(Font)              for symbol `textless' on input line 199.

[9] [10] [11] [12] [13]

Package natbib Warning: Citation `Mark 2009' on page 14 undefined on input line
 309.

[14] [15] [16]
<Figures/GrowContourLinesColor.png, id=63, 481.8pt x 481.8pt>
File: Figures/GrowContourLinesColor.png Graphic file (type png)
<use Figures/GrowContourLinesColor.png>
Package pdftex.def Info: Figures/GrowContourLinesColor.png  used on input line 
362.
(pdftex.def)             Requested size: 446.26582pt x 446.27556pt.


LaTeX Warning: Float too large for page by 0.7732pt on input line 365.

<Figures/SurvivalPlot.png, id=65, 481.8pt x 481.8pt>
File: Figures/SurvivalPlot.png Graphic file (type png)
<use Figures/SurvivalPlot.png>
Package pdftex.def Info: Figures/SurvivalPlot.png  used on input line 368.
(pdftex.def)             Requested size: 446.26582pt x 446.27556pt.
[17] [18 <./Figures/GrowContourLinesColor.png>]
Overfull \vbox (23.89316pt too high) has occurred while \output is active []


[19 <./Figures/SurvivalPlot.png>]

LaTeX Warning: Reference `fig:viab' on page 20 undefined on input line 374.

<Figures/ViabHist.png, id=78, 481.8pt x 481.8pt>
File: Figures/ViabHist.png Graphic file (type png)
<use Figures/ViabHist.png>
Package pdftex.def Info: Figures/ViabHist.png  used on input line 380.
(pdftex.def)             Requested size: 446.26582pt x 446.27556pt.
[20] [21 <./Figures/ViabHist.png>]
<Figures/year_ant_timeseries.png, id=86, 481.8pt x 481.8pt>
File: Figures/year_ant_timeseries.png Graphic file (type png)
<use Figures/year_ant_timeseries.png>
Package pdftex.def Info: Figures/year_ant_timeseries.png  used on input line 39
5.
(pdftex.def)             Requested size: 446.26582pt x 446.27556pt.
 [22] [23 <./Figures/year_ant_timeseries.png>]
<Figures/AntSizeMulti.png, id=94, 481.8pt x 481.8pt>
File: Figures/AntSizeMulti.png Graphic file (type png)
<use Figures/AntSizeMulti.png>
Package pdftex.def Info: Figures/AntSizeMulti.png  used on input line 412.
(pdftex.def)             Requested size: 446.26582pt x 446.27556pt.
 [24] [25 <./Figures/AntSizeMulti.png>]
<Figures/LambdaMeans.png, id=103, 481.8pt x 481.8pt>
File: Figures/LambdaMeans.png Graphic file (type png)
<use Figures/LambdaMeans.png>
Package pdftex.def Info: Figures/LambdaMeans.png  used on input line 425.
(pdftex.def)             Requested size: 286.55084pt x 286.5606pt.
<Figures/Lambda_Num_Partners.png, id=104, 306.14375pt x 494.84875pt>
File: Figures/Lambda_Num_Partners.png Graphic file (type png)
<use Figures/Lambda_Num_Partners.png>
Package pdftex.def Info: Figures/Lambda_Num_Partners.png  used on input line 42
6.
(pdftex.def)             Requested size: 183.20416pt x 296.12627pt.

Overfull \hbox (2.41994pt too wide) in paragraph at lines 425--427
[][] [] 
 []

[26] [27 <./Figures/LambdaMeans.png> <./Figures/Lambda_Num_Partners.png>]
<Figures/portfolio_effect.png, id=113, 481.8pt x 481.8pt>
File: Figures/portfolio_effect.png Graphic file (type png)
<use Figures/portfolio_effect.png>
Package pdftex.def Info: Figures/portfolio_effect.png  used on input line 450.
(pdftex.def)             Requested size: 469.75502pt x 469.77148pt.

[28] [29 <./Figures/portfolio_effect.png>] [30] [31] [32] [33] [34] [35]
[36] (./ant_cactus_AmNat_v2.bbl [37] [38] [39] [40] [41] [42] [43] [44])
[45]

LaTeX Warning: No positions in optional float specifier.
               Default added (so using `tbp') on input line 713.


Overfull \hbox (31.41pt too wide) in paragraph at lines 714--756
[][] 
 []


LaTeX Warning: Float too large for page by 97.23341pt on input line 758.

<Figures/surv_conv.png, id=172, 481.8pt x 481.8pt>
File: Figures/surv_conv.png Graphic file (type png)
<use Figures/surv_conv.png>
Package pdftex.def Info: Figures/surv_conv.png  used on input line 773.
(pdftex.def)             Requested size: 211.38832pt x 211.38246pt.
<Figures/surv_post.png, id=173, 481.8pt x 481.8pt>
File: Figures/surv_post.png Graphic file (type png)
<use Figures/surv_post.png>
Package pdftex.def Info: Figures/surv_post.png  used on input line 774.
(pdftex.def)             Requested size: 211.38832pt x 211.38246pt.
<Figures/repro_conv.png, id=174, 481.8pt x 481.8pt>
File: Figures/repro_conv.png Graphic file (type png)
<use Figures/repro_conv.png>
Package pdftex.def Info: Figures/repro_conv.png  used on input line 780.
(pdftex.def)             Requested size: 211.38832pt x 211.38246pt.
<Figures/repro_post.png, id=175, 481.8pt x 481.8pt>
File: Figures/repro_post.png Graphic file (type png)
<use Figures/repro_post.png>
Package pdftex.def Info: Figures/repro_post.png  used on input line 781.
(pdftex.def)             Requested size: 211.38832pt x 211.38246pt.
<Figures/flow_conv.png, id=176, 481.8pt x 481.8pt>
File: Figures/flow_conv.png Graphic file (type png)
<use Figures/flow_conv.png>
Package pdftex.def Info: Figures/flow_conv.png  used on input line 787.
(pdftex.def)             Requested size: 211.38832pt x 211.38246pt.
<Figures/flow_post.png, id=177, 481.8pt x 481.8pt>
File: Figures/flow_post.png Graphic file (type png)
<use Figures/flow_post.png>
Package pdftex.def Info: Figures/flow_post.png  used on input line 788.
(pdftex.def)             Requested size: 211.38832pt x 211.38246pt.
<Figures/viab_conv.png, id=178, 481.8pt x 481.8pt>
File: Figures/viab_conv.png Graphic file (type png)
<use Figures/viab_conv.png>
Package pdftex.def Info: Figures/viab_conv.png  used on input line 794.
(pdftex.def)             Requested size: 211.38832pt x 211.38246pt.
<Figures/viab_post.png, id=179, 481.8pt x 481.8pt>
File: Figures/viab_post.png Graphic file (type png)
<use Figures/viab_post.png>
Package pdftex.def Info: Figures/viab_post.png  used on input line 795.
(pdftex.def)             Requested size: 211.38832pt x 211.38246pt.
<Figures/seed_conv.png, id=180, 481.8pt x 481.8pt>
File: Figures/seed_conv.png Graphic file (type png)
<use Figures/seed_conv.png>
Package pdftex.def Info: Figures/seed_conv.png  used on input line 801.
(pdftex.def)             Requested size: 211.38832pt x 211.38246pt.
<Figures/seed_ant_post.png, id=181, 481.8pt x 481.8pt>
File: Figures/seed_ant_post.png Graphic file (type png)
<use Figures/seed_ant_post.png>
Package pdftex.def Info: Figures/seed_ant_post.png  used on input line 802.
(pdftex.def)             Requested size: 211.38832pt x 211.38246pt.
<Figures/germ1_conv.png, id=182, 481.8pt x 481.8pt>
File: Figures/germ1_conv.png Graphic file (type png)
<use Figures/germ1_conv.png>
Package pdftex.def Info: Figures/germ1_conv.png  used on input line 821.
(pdftex.def)             Requested size: 211.38832pt x 211.38246pt.
<Figures/germ2_conv.png, id=183, 481.8pt x 481.8pt>
File: Figures/germ2_conv.png Graphic file (type png)
<use Figures/germ2_conv.png>
Package pdftex.def Info: Figures/germ2_conv.png  used on input line 822.
(pdftex.def)             Requested size: 211.38832pt x 211.38246pt.
<Figures/germ1_post.png, id=184, 481.8pt x 481.8pt>
File: Figures/germ1_post.png Graphic file (type png)
<use Figures/germ1_post.png>
Package pdftex.def Info: Figures/germ1_post.png  used on input line 823.
(pdftex.def)             Requested size: 211.38832pt x 211.38246pt.
<Figures/germ2_post.png, id=185, 481.8pt x 481.8pt>
File: Figures/germ2_post.png Graphic file (type png)
<use Figures/germ2_post.png>
Package pdftex.def Info: Figures/germ2_post.png  used on input line 823.
(pdftex.def)             Requested size: 211.38832pt x 211.38246pt.
<Figures/seed_surv_conv.png, id=186, 481.8pt x 481.8pt>
File: Figures/seed_surv_conv.png Graphic file (type png)
<use Figures/seed_surv_conv.png>
Package pdftex.def Info: Figures/seed_surv_conv.png  used on input line 830.
(pdftex.def)             Requested size: 211.38832pt x 211.38246pt.
<Figures/seed_surv_post.png, id=187, 481.8pt x 481.8pt>
File: Figures/seed_surv_post.png Graphic file (type png)
<use Figures/seed_surv_post.png>
Package pdftex.def Info: Figures/seed_surv_post.png  used on input line 831.
(pdftex.def)             Requested size: 211.38832pt x 211.38246pt.
[46] [47] [48 <./Figures/surv_conv.png> <./Figures/surv_post.png>] [49 <./Figur
es/repro_conv.png> <./Figures/repro_post.png> <./Figures/flow_conv.png> <./Figu
res/flow_post.png>] [50 <./Figures/viab_conv.png> <./Figures/viab_post.png>]
[51 <./Figures/seed_conv.png> <./Figures/seed_ant_post.png>] [52 <./Figures/ger
m1_conv.png> <./Figures/germ2_conv.png> <./Figures/germ1_post.png> <./Figures/g
erm2_post.png>]

Package natbib Warning: There were undefined citations.

[53 <./Figures/seed_surv_conv.png> <./Figures/seed_surv_post.png>]
(./ant_cactus_AmNat_v2.aux)

LaTeX Font Warning: Some font shapes were not available, defaults substituted.


LaTeX Warning: There were undefined references.

 ) 
Here is how much of TeX's memory you used:
 4746 strings out of 476025
 73414 string characters out of 5790017
 1870388 words of memory out of 5000000
 25080 multiletter control sequences out of 15000+600000
 548475 words of font info for 121 fonts, out of 8000000 for 9000
 1141 hyphenation exceptions out of 8191
 57i,10n,62p,864b,390s stack positions out of 10000i,1000n,20000p,200000b,200000s
</usr/local/texlive/2023/texmf-dist/fonts/type1/public/amsfonts/cm/cmex10.pfb
></usr/local/texlive/2023/texmf-dist/fonts/type1/public/amsfonts/cm/cmmi10.pfb>
</usr/local/texlive/2023/texmf-dist/fonts/type1/public/amsfonts/cm/cmr10.pfb></
usr/local/texlive/2023/texmf-dist/fonts/type1/public/amsfonts/cm/cmss8.pfb></us
r/local/texlive/2023/texmf-dist/fonts/type1/public/amsfonts/cm/cmsy10.pfb></usr
/local/texlive/2023/texmf-dist/fonts/type1/public/mathpazo/fplmr.pfb></usr/loca
l/texlive/2023/texmf-dist/fonts/type1/public/mathpazo/fplmri.pfb></usr/local/te
xlive/2023/texmf-dist/fonts/type1/urw/palatino/uplb8a.pfb></usr/local/texlive/2
023/texmf-dist/fonts/type1/urw/palatino/uplr8a.pfb></usr/local/texlive/2023/tex
mf-dist/fonts/type1/urw/palatino/uplri8a.pfb>
Output written on ant_cactus_AmNat_v2.pdf (53 pages, 1569290 bytes).
PDF statistics:
 276 PDF objects out of 1000 (max. 8388607)
 151 compressed objects within 2 object streams
 0 named destinations out of 1000 (max. 500000)
 121 words of extra memory for PDF output out of 10000 (max. 10000000)

