This is pdfTeX, Version 3.141592653-2.6-1.40.24 (TeX Live 2022) (preloaded format=pdflatex 2023.2.23)  29 MAY 2023 20:12
entering extended mode
 restricted \write18 enabled.
 %&-line parsing enabled.
**Manuscript_Am_Nat.tex
(./Manuscript_Am_Nat.tex
LaTeX2e <2021-11-15> patch level 1
L3 programming layer <2022-02-24>
(/usr/local/texlive/2022/texmf-dist/tex/latex/base/article.cls
Document Class: article 2021/10/04 v1.4n Standard LaTeX document class
(/usr/local/texlive/2022/texmf-dist/tex/latex/base/size11.clo
File: size11.clo 2021/10/04 v1.4n Standard LaTeX file (size option)
)
\c@part=\count185
\c@section=\count186
\c@subsection=\count187
\c@subsubsection=\count188
\c@paragraph=\count189
\c@subparagraph=\count190
\c@figure=\count191
\c@table=\count192
\abovecaptionskip=\skip47
\belowcaptionskip=\skip48
\bibindent=\dimen138
)
(/usr/local/texlive/2022/texmf-dist/tex/latex/psnfss/mathpazo.sty
Package: mathpazo 2020/03/25 PSNFSS-v9.3 Palatino w/ Pazo Math (D.Puga, WaS) 
\symupright=\mathgroup4
)
(/usr/local/texlive/2022/texmf-dist/tex/latex/preprint/fullpage.sty
Package: fullpage 1999/02/23 1.1 (PWD)
\FP@margin=\skip49
)
(/usr/local/texlive/2022/texmf-dist/tex/latex/natbib/natbib.sty
Package: natbib 2010/09/13 8.31b (PWD, AO)
\bibhang=\skip50
\bibsep=\skip51
LaTeX Info: Redefining \cite on input line 694.
\c@NAT@ctr=\count193
)
(/usr/local/texlive/2022/texmf-dist/tex/latex/base/inputenc.sty
Package: inputenc 2021/02/14 v1.3d Input encoding file
\inpenc@prehook=\toks16
\inpenc@posthook=\toks17
)
(/usr/local/texlive/2022/texmf-dist/tex/latex/lineno/lineno.sty
Package: lineno 2005/11/02 line numbers on paragraphs v4.41
\linenopenalty=\count194
\output=\toks18
\linenoprevgraf=\count195
\linenumbersep=\dimen139
\linenumberwidth=\dimen140
\c@linenumber=\count196
\c@pagewiselinenumber=\count197
\c@LN@truepage=\count198
\c@internallinenumber=\count199
\c@internallinenumbers=\count266
\quotelinenumbersep=\dimen141
\bframerule=\dimen142
\bframesep=\dimen143
\bframebox=\box50
LaTeX Info: Redefining \\ on input line 3056.
)
(/usr/local/texlive/2022/texmf-dist/tex/latex/titlesec/titlesec.sty
Package: titlesec 2021/07/05 v2.14 Sectioning titles
\ttl@box=\box51
\beforetitleunit=\skip52
\aftertitleunit=\skip53
\ttl@plus=\dimen144
\ttl@minus=\dimen145
\ttl@toksa=\toks19
\titlewidth=\dimen146
\titlewidthlast=\dimen147
\titlewidthfirst=\dimen148
)
(/usr/local/texlive/2022/texmf-dist/tex/latex/biblatex/biblatex.sty
Package: biblatex 2022/02/02 v3.17 programmable bibliographies (PK/MW)

(/usr/local/texlive/2022/texmf-dist/tex/generic/pdftexcmds/pdftexcmds.sty
Package: pdftexcmds 2020-06-27 v0.33 Utility functions of pdfTeX for LuaTeX (HO
)

(/usr/local/texlive/2022/texmf-dist/tex/generic/infwarerr/infwarerr.sty
Package: infwarerr 2019/12/03 v1.5 Providing info/warning/error messages (HO)
)
(/usr/local/texlive/2022/texmf-dist/tex/generic/iftex/iftex.sty
Package: iftex 2022/02/03 v1.0f TeX engine tests
)
(/usr/local/texlive/2022/texmf-dist/tex/generic/ltxcmds/ltxcmds.sty
Package: ltxcmds 2020-05-10 v1.25 LaTeX kernel commands for general use (HO)
)
Package pdftexcmds Info: \pdf@primitive is available.
Package pdftexcmds Info: \pdf@ifprimitive is available.
Package pdftexcmds Info: \pdfdraftmode found.
)
(/usr/local/texlive/2022/texmf-dist/tex/latex/etoolbox/etoolbox.sty
Package: etoolbox 2020/10/05 v2.5k e-TeX tools for LaTeX (JAW)
\etb@tempcnta=\count267
)
(/usr/local/texlive/2022/texmf-dist/tex/latex/graphics/keyval.sty
Package: keyval 2014/10/28 v1.15 key=value parser (DPC)
\KV@toks@=\toks20
)
(/usr/local/texlive/2022/texmf-dist/tex/latex/kvoptions/kvoptions.sty
Package: kvoptions 2020-10-07 v3.14 Key value format for package options (HO)

(/usr/local/texlive/2022/texmf-dist/tex/generic/kvsetkeys/kvsetkeys.sty
Package: kvsetkeys 2019/12/15 v1.18 Key value parser (HO)
))
(/usr/local/texlive/2022/texmf-dist/tex/latex/logreq/logreq.sty
Package: logreq 2010/08/04 v1.0 xml request logger
\lrq@indent=\count268

(/usr/local/texlive/2022/texmf-dist/tex/latex/logreq/logreq.def
File: logreq.def 2010/08/04 v1.0 logreq spec v1.0
))
(/usr/local/texlive/2022/texmf-dist/tex/latex/base/ifthen.sty
Package: ifthen 2020/11/24 v1.1c Standard LaTeX ifthen package (DPC)
)
(/usr/local/texlive/2022/texmf-dist/tex/latex/url/url.sty
\Urlmuskip=\muskip16
Package: url 2013/09/16  ver 3.4  Verb mode for urls, etc.
)

! Package biblatex Error: Incompatible package 'natbib'.

See the biblatex package documentation for explanation.
Type  H <return>  for immediate help.
 ...                                              
                                                  
l.204 \blx@packageincompatibility
                                 
The 'natbib' package and biblatex are incompatible.

\c@tabx@nest=\count269
\c@listtotal=\count270
\c@listcount=\count271
\c@liststart=\count272
\c@liststop=\count273
\c@citecount=\count274
\c@citetotal=\count275
\c@multicitecount=\count276
\c@multicitetotal=\count277
\c@instcount=\count278
\c@maxnames=\count279
\c@minnames=\count280
\c@maxitems=\count281
\c@minitems=\count282
\c@citecounter=\count283
\c@maxcitecounter=\count284
\c@savedcitecounter=\count285
\c@uniquelist=\count286
\c@uniquename=\count287
\c@refsection=\count288
\c@refsegment=\count289
\c@maxextratitle=\count290
\c@maxextratitleyear=\count291
\c@maxextraname=\count292
\c@maxextradate=\count293
\c@maxextraalpha=\count294
\c@abbrvpenalty=\count295
\c@highnamepenalty=\count296
\c@lownamepenalty=\count297
\c@maxparens=\count298
\c@parenlevel=\count299
\blx@tempcnta=\count300
\blx@tempcntb=\count301
\blx@tempcntc=\count302
\c@blx@maxsection=\count303
\c@blx@maxsegment@0=\count304
\blx@notetype=\count305
\blx@parenlevel@text=\count306
\blx@parenlevel@foot=\count307
\c@blx@sectionciteorder@0=\count308
\blx@entrysetcounter=\count309
\blx@biblioinstance=\count310
\labelnumberwidth=\skip54
\labelalphawidth=\skip55
\biblabelsep=\skip56
\bibitemsep=\skip57
\bibnamesep=\skip58
\bibinitsep=\skip59
\bibparsep=\skip60

! LaTeX Error: Command \bibhang already defined.
               Or name \end... illegal, see p.192 of the manual.

See the LaTeX manual or LaTeX Companion for explanation.
Type  H <return>  for immediate help.
 ...                                              
                                                  
l.886 \newlength{\bibhang}
                          
Your command was ignored.
Type  I <command> <return>  to replace it with another command,
or  <return>  to continue without it.

\blx@bcfin=\read2
\blx@bcfout=\write3
\blx@langwohyphens=\language87
\c@mincomprange=\count311
\c@maxcomprange=\count312
\c@mincompwidth=\count313
Package biblatex Info: Trying to load biblatex default data model...
Package biblatex Info: ... file 'blx-dm.def' found.
(/usr/local/texlive/2022/texmf-dist/tex/latex/biblatex/blx-dm.def
File: blx-dm.def 2022/02/02 v3.17 biblatex localization (PK/MW)
)
Package biblatex Info: Trying to load biblatex custom data model...
Package biblatex Info: ... file 'biblatex-dm.cfg' not found.
\c@afterword=\count314
\c@savedafterword=\count315
\c@annotator=\count316
\c@savedannotator=\count317
\c@author=\count318
\c@savedauthor=\count319
\c@bookauthor=\count320
\c@savedbookauthor=\count321
\c@commentator=\count322
\c@savedcommentator=\count323
\c@editor=\count324
\c@savededitor=\count325
\c@editora=\count326
\c@savededitora=\count327
\c@editorb=\count328
\c@savededitorb=\count329
\c@editorc=\count330
\c@savededitorc=\count331
\c@foreword=\count332
\c@savedforeword=\count333
\c@holder=\count334
\c@savedholder=\count335
\c@introduction=\count336
\c@savedintroduction=\count337
\c@namea=\count338
\c@savednamea=\count339
\c@nameb=\count340
\c@savednameb=\count341
\c@namec=\count342
\c@savednamec=\count343
\c@translator=\count344
\c@savedtranslator=\count345
\c@shortauthor=\count346
\c@savedshortauthor=\count347
\c@shorteditor=\count348
\c@savedshorteditor=\count349
\c@labelname=\count350
\c@savedlabelname=\count351
\c@institution=\count352
\c@savedinstitution=\count353
\c@lista=\count354
\c@savedlista=\count355
\c@listb=\count356
\c@savedlistb=\count357
\c@listc=\count358
\c@savedlistc=\count359
\c@listd=\count360
\c@savedlistd=\count361
\c@liste=\count362
\c@savedliste=\count363
\c@listf=\count364
\c@savedlistf=\count365
\c@location=\count366
\c@savedlocation=\count367
\c@organization=\count368
\c@savedorganization=\count369
\c@origlocation=\count370
\c@savedoriglocation=\count371
\c@origpublisher=\count372
\c@savedorigpublisher=\count373
\c@publisher=\count374
\c@savedpublisher=\count375
\c@language=\count376
\c@savedlanguage=\count377
\c@origlanguage=\count378
\c@savedoriglanguage=\count379
\c@pageref=\count380
\c@savedpageref=\count381
\shorthandwidth=\skip61
\shortjournalwidth=\skip62
\shortserieswidth=\skip63
\shorttitlewidth=\skip64
\shortauthorwidth=\skip65
\shorteditorwidth=\skip66
\locallabelnumberwidth=\skip67
\locallabelalphawidth=\skip68
\localshorthandwidth=\skip69
\localshortjournalwidth=\skip70
\localshortserieswidth=\skip71
\localshorttitlewidth=\skip72
\localshortauthorwidth=\skip73
\localshorteditorwidth=\skip74


! LaTeX Error: Command \citename already defined.
               Or name \end... illegal, see p.192 of the manual.

See the LaTeX manual or LaTeX Companion for explanation.
Type  H <return>  for immediate help.
 ...                                              
                                                  
l.12377 ...*{\citename}{\blx@citexpunct{citename}}
                                                  
Your command was ignored.
Type  I <command> <return>  to replace it with another command,
or  <return>  to continue without it.

Package biblatex Info: Trying to load compatibility code...
Package biblatex Info: ... file 'blx-compat.def' found.
(/usr/local/texlive/2022/texmf-dist/tex/latex/biblatex/blx-compat.def
File: blx-compat.def 2022/02/02 v3.17 biblatex compatibility (PK/MW)
)
Package biblatex Info: Trying to load generic definitions...
Package biblatex Info: ... file 'biblatex.def' found.

(/usr/local/texlive/2022/texmf-dist/tex/latex/biblatex/biblatex.def
File: biblatex.def 2022/02/02 v3.17 biblatex compatibility (PK/MW)
\c@textcitecount=\count382
\c@textcitetotal=\count383
\c@textcitemaxnames=\count384
\c@biburlbigbreakpenalty=\count385
\c@biburlbreakpenalty=\count386
\c@biburlnumpenalty=\count387
\c@biburlucpenalty=\count388
\c@biburllcpenalty=\count389
\biburlbigskip=\muskip17
\biburlnumskip=\muskip18
\biburlucskip=\muskip19
\biburllcskip=\muskip20


! LaTeX Error: Command \bibfont already defined.
               Or name \end... illegal, see p.192 of the manual.

See the LaTeX manual or LaTeX Companion for explanation.
Type  H <return>  for immediate help.
 ...                                              
                                                  
l.339 ...ommand*{\bibfont}{\normalfont\normalsize}
                                                  
Your command was ignored.
Type  I <command> <return>  to replace it with another command,
or  <return>  to continue without it.

\c@smartand=\count390

Package biblatex Warning: Redefining '\citeauthor'.


Package biblatex Warning: Redefining '\citeyear'.


! LaTeX Error: Command \Citeauthor already defined.
               Or name \end... illegal, see p.192 of the manual.

See the LaTeX manual or LaTeX Companion for explanation.
Type  H <return>  for immediate help.
 ...                                              
                                                  
l.2300 ...e\citeauthor*}{\bibsentence\citeauthor}}
                                                  
Your command was ignored.
Type  I <command> <return>  to replace it with another command,
or  <return>  to continue without it.

)
Package biblatex Info: Trying to load bibliography style 'numeric'...
Package biblatex Info: ... file 'numeric.bbx' found.
 (/usr/local/texlive/2022/texmf-dist/tex/latex/biblatex/bbx/numeric.bbx
File: numeric.bbx 2022/02/02 v3.17 biblatex bibliography style (PK/MW)
Package biblatex Info: Trying to load bibliography style 'standard'...
Package biblatex Info: ... file 'standard.bbx' found.

(/usr/local/texlive/2022/texmf-dist/tex/latex/biblatex/bbx/standard.bbx
File: standard.bbx 2022/02/02 v3.17 biblatex bibliography style (PK/MW)
\c@bbx:relatedcount=\count391
\c@bbx:relatedtotal=\count392
))
Package biblatex Info: Trying to load citation style 'numeric'...
Package biblatex Info: ... file 'numeric.cbx' found.

(/usr/local/texlive/2022/texmf-dist/tex/latex/biblatex/cbx/numeric.cbx
File: numeric.cbx 2022/02/02 v3.17 biblatex citation style (PK/MW)
Package biblatex Info: Redefining '\cite'.
Package biblatex Info: Redefining '\parencite'.
Package biblatex Info: Redefining '\footcite'.
Package biblatex Info: Redefining '\footcitetext'.
Package biblatex Info: Redefining '\smartcite'.
Package biblatex Info: Redefining '\supercite'.
Package biblatex Info: Redefining '\textcite'.
Package biblatex Info: Redefining '\textcites'.
Package biblatex Info: Redefining '\cites'.
Package biblatex Info: Redefining '\parencites'.
Package biblatex Info: Redefining '\smartcites'.
)
Package biblatex Info: Trying to load configuration file...
Package biblatex Info: ... file 'biblatex.cfg' found.

(/usr/local/texlive/2022/texmf-dist/tex/latex/biblatex/biblatex.cfg
File: biblatex.cfg 
)
Package biblatex Info: Input encoding 'utf8' detected.
Package biblatex Info: Document encoding is UTF8 ....

(/usr/local/texlive/2022/texmf-dist/tex/latex/l3kernel/expl3.sty
Package: expl3 2022-02-24 L3 programming layer (loader) 

(/usr/local/texlive/2022/texmf-dist/tex/latex/l3backend/l3backend-pdftex.def
File: l3backend-pdftex.def 2022-02-07 L3 backend support: PDF output (pdfTeX)
\l__color_backend_stack_int=\count393
\l__pdf_internal_box=\box52
))
Package biblatex Info: ... and expl3
(biblatex)             2022-02-24 L3 programming layer (loader) 
(biblatex)             is new enough (at least 2020/04/06),
(biblatex)             setting 'casechanger=expl3'.

(/usr/local/texlive/2022/texmf-dist/tex/latex/biblatex/blx-case-expl3.sty
(/usr/local/texlive/2022/texmf-dist/tex/latex/l3packages/xparse/xparse.sty
Package: xparse 2022-01-12 L3 Experimental document command parser
)
Package: blx-case-expl3 2022/02/02 v3.17 expl3 case changing code for biblatex
))
\@quotelevel=\count394
\@quotereset=\count395
LaTeX Font Info:    Trying to load font information for OT1+pplx on input line 
49.

(/usr/local/texlive/2022/texmf-dist/tex/latex/psnfss/ot1pplx.fd
File: ot1pplx.fd 2004/09/06 font definitions for OT1/pplx.
)
No file Manuscript_Am_Nat.aux.
\openout1 = `Manuscript_Am_Nat.aux'.

LaTeX Font Info:    Checking defaults for OML/cmm/m/it on input line 49.
LaTeX Font Info:    ... okay on input line 49.
LaTeX Font Info:    Checking defaults for OMS/cmsy/m/n on input line 49.
LaTeX Font Info:    ... okay on input line 49.
LaTeX Font Info:    Checking defaults for OT1/cmr/m/n on input line 49.
LaTeX Font Info:    ... okay on input line 49.
LaTeX Font Info:    Checking defaults for T1/cmr/m/n on input line 49.
LaTeX Font Info:    ... okay on input line 49.
LaTeX Font Info:    Checking defaults for TS1/cmr/m/n on input line 49.
LaTeX Font Info:    ... okay on input line 49.
LaTeX Font Info:    Checking defaults for OMX/cmex/m/n on input line 49.
LaTeX Font Info:    ... okay on input line 49.
LaTeX Font Info:    Checking defaults for U/cmr/m/n on input line 49.
LaTeX Font Info:    ... okay on input line 49.
\big@size=\dimen149
Package biblatex Info: Trying to load language 'english'...
Package biblatex Info: ... file 'english.lbx' found.
(/usr/local/texlive/2022/texmf-dist/tex/latex/biblatex/lbx/english.lbx
File: english.lbx 2022/02/02 v3.17 biblatex localization (PK/MW)
)
Package biblatex Info: Input encoding 'utf8' detected.
Package biblatex Info: Automatic encoding selection.
(biblatex)             Assuming data encoding 'utf8'.
\openout3 = `Manuscript_Am_Nat.bcf'.

Package biblatex Info: Trying to load bibliographic data...
Package biblatex Info: ... file 'Manuscript_Am_Nat.bbl' found.

(./Manuscript_Am_Nat.bbl)
Package biblatex Info: Reference section=0 on input line 49.
Package biblatex Info: Reference segment=0 on input line 49.
LaTeX Font Info:    Trying to load font information for OML+zplm on input line 
51.

(/usr/local/texlive/2022/texmf-dist/tex/latex/psnfss/omlzplm.fd
File: omlzplm.fd 2002/09/08 Fontinst v1.914 font definitions for OML/zplm.
)
LaTeX Font Info:    Trying to load font information for OMS+zplm on input line 
51.

(/usr/local/texlive/2022/texmf-dist/tex/latex/psnfss/omszplm.fd
File: omszplm.fd 2002/09/08 Fontinst v1.914 font definitions for OMS/zplm.
)
LaTeX Font Info:    Trying to load font information for OMX+zplm on input line 
51.

(/usr/local/texlive/2022/texmf-dist/tex/latex/psnfss/omxzplm.fd
File: omxzplm.fd 2002/09/08 Fontinst v1.914 font definitions for OMX/zplm.
)
LaTeX Font Info:    Trying to load font information for OT1+zplm on input line 
51.

(/usr/local/texlive/2022/texmf-dist/tex/latex/psnfss/ot1zplm.fd
File: ot1zplm.fd 2002/09/08 Fontinst v1.914 font definitions for OT1/zplm.
) [1

{/usr/local/texlive/2022/texmf-var/fonts/map/pdftex/updmap/pdftex.map}] [2] [3]


LaTeX Warning: Citation 'Chamberlain2014' on page 4 undefined on input line 87.



LaTeX Warning: Citation 'BoucherDouglasH.1985' on page 4 undefined on input lin
e 87.


LaTeX Warning: Citation 'Bronstein1994' on page 4 undefined on input line 87.


LaTeX Warning: Citation 'Chamberlain2014' on page 4 undefined on input line 87.



LaTeX Warning: Citation 'Frederickson2013' on page 4 undefined on input line 87
.


LaTeX Warning: Citation 'Rodriguez-Rodriguez2017' on page 4 undefined on input 
line 87.


LaTeX Warning: Citation 'Song2020' on page 4 undefined on input line 87.


LaTeX Warning: Citation 'Mandyam2014' on page 4 undefined on input line 87.


LaTeX Warning: Citation 'Thrall2007' on page 4 undefined on input line 87.


LaTeX Warning: Citation 'Bahia2022' on page 4 undefined on input line 87.


LaTeX Warning: Citation 'Willmer1997' on page 4 undefined on input line 88.


LaTeX Warning: Citation 'Sakai2002' on page 4 undefined on input line 88.


LaTeX Warning: Citation 'Burns2004' on page 4 undefined on input line 88.


LaTeX Warning: Citation 'Holland2010' on page 4 undefined on input line 88.


LaTeX Warning: Citation 'Chamberlain2014' on page 4 undefined on input line 89.



LaTeX Warning: Citation 'Frederickson2013' on page 4 undefined on input line 89
.


Overfull \hbox (10.9711pt too wide) in paragraph at lines 86--90
\OT1/pplx/m/n/10.95 ter-ac-tions, in-clud-ing par-a-sitism [[], [], [], [],
 []


Overfull \hbox (12.09898pt too wide) in paragraph at lines 86--90
\OT1/pplx/m/n/10.95 ered more con-text de-pen-dent than other species in-ter-ac
-tions [[], []],
 []


LaTeX Warning: Citation 'Afkhami2014' on page 4 undefined on input line 91.


LaTeX Warning: Citation 'Palmer2010' on page 4 undefined on input line 91.


LaTeX Warning: Citation 'Bascompte2019' on page 4 undefined on input line 92.


LaTeX Warning: Citation 'Stanton2013' on page 4 undefined on input line 92.


LaTeX Warning: Citation 'Frederickson2013' on page 4 undefined on input line 92
.


LaTeX Warning: Citation 'Jones2015' on page 4 undefined on input line 92.


LaTeX Warning: Citation 'Ness2006' on page 4 undefined on input line 92.


LaTeX Warning: Citation 'Kiers2003' on page 4 undefined on input line 92.


LaTeX Warning: Citation 'Afkhami2014' on page 4 undefined on input line 92.


LaTeX Warning: Citation 'Sun2019' on page 4 undefined on input line 92.


LaTeX Warning: Citation 'Heath2009' on page 4 undefined on input line 92.


LaTeX Warning: Citation 'Heath2014' on page 4 undefined on input line 92.


LaTeX Warning: Citation 'Grutter2003' on page 4 undefined on input line 92.


LaTeX Warning: Citation 'Palmer2010' on page 4 undefined on input line 93.


LaTeX Warning: Citation 'Stanton2013' on page 4 undefined on input line 93.


LaTeX Warning: Citation 'Chamberlain2014' on page 4 undefined on input line 93.



LaTeX Warning: Citation 'Song2020' on page 4 undefined on input line 93.


LaTeX Warning: Citation 'Bascompte2019' on page 4 undefined on input line 94.


LaTeX Warning: Citation 'Bronstein1994' on page 4 undefined on input line 96.


LaTeX Warning: Citation 'Bronstein2001a' on page 4 undefined on input line 96.


LaTeX Warning: Citation 'Afkhami2014' on page 4 undefined on input line 96.


LaTeX Warning: Citation 'Song2020' on page 4 undefined on input line 96.


LaTeX Warning: Citation 'West2007' on page 4 undefined on input line 96.


LaTeX Warning: Citation 'Frederickson2013' on page 4 undefined on input line 96
.


LaTeX Warning: Citation 'Jones2015' on page 4 undefined on input line 96.


LaTeX Warning: Citation 'Stanton2003' on page 4 undefined on input line 97.

[4]

LaTeX Warning: Citation 'Frederickson2013' on page 5 undefined on input line 10
1.


LaTeX Warning: Citation 'Batstone2018' on page 5 undefined on input line 102.


LaTeX Warning: Citation 'Stachowicz2005' on page 5 undefined on input line 103.



LaTeX Warning: Citation 'Bronstein2006' on page 5 undefined on input line 103.


LaTeX Warning: Citation 'Stanton2003' on page 5 undefined on input line 103.


LaTeX Warning: Citation 'Batstone2018' on page 5 undefined on input line 104.


LaTeX Warning: Citation 'Ollerton2006' on page 5 undefined on input line 105.


LaTeX Warning: Citation 'Alarcon2008' on page 5 undefined on input line 105.


LaTeX Warning: Citation 'Batstone2018' on page 5 undefined on input line 105.


LaTeX Warning: Citation 'Lazaro2022' on page 5 undefined on input line 105.


LaTeX Warning: Citation 'Djieto-Lordon2005' on page 5 undefined on input line 1
07.


LaTeX Warning: Citation 'Ness2006' on page 5 undefined on input line 107.


LaTeX Warning: Citation 'Bruna2014' on page 5 undefined on input line 107.


LaTeX Warning: Citation 'Oliveira1999' on page 5 undefined on input line 108.


LaTeX Warning: Citation 'Horvitz1986' on page 5 undefined on input line 108.


LaTeX Warning: Citation 'Sachs2004' on page 5 undefined on input line 110.


LaTeX Warning: Citation 'Fonseca2003' on page 5 undefined on input line 111.


LaTeX Warning: Citation 'Boege2005' on page 5 undefined on input line 112.


LaTeX Warning: Citation 'Barton2010' on page 5 undefined on input line 112.


LaTeX Warning: Citation 'Djieto-Lordon2005' on page 5 undefined on input line 1
12.


LaTeX Warning: Citation 'Bronstein1998' on page 5 undefined on input line 114.


LaTeX Warning: Citation 'Bronstein2006' on page 5 undefined on input line 114.


LaTeX Warning: Citation 'Ness2006' on page 5 undefined on input line 115.


LaTeX Warning: Citation 'Beattie1985' on page 5 undefined on input line 115.


LaTeX Warning: Citation 'Schultheiss2022' on page 5 undefined on input line 115
.


LaTeX Warning: Citation 'Stanton2013' on page 5 undefined on input line 115.


LaTeX Warning: Citation 'Tr√∏jelsgaard2015' on page 5 undefined on input line 1
15.

Missing character: There is no √ in font pplb9t!
Missing character: There is no ∏ in font pplb9t!
[5]

LaTeX Warning: Citation 'Miller2009' on page 6 undefined on input line 117.


LaTeX Warning: Citation 'Miller2007' on page 6 undefined on input line 118.


LaTeX Warning: Citation 'Ohm2014' on page 6 undefined on input line 120.

[6]

LaTeX Warning: Citation 'Benson1982' on page 7 undefined on input line 137.


LaTeX Warning: Citation 'Ohm2014' on page 7 undefined on input line 141.


LaTeX Warning: Citation 'Ness2006' on page 7 undefined on input line 142.


LaTeX Warning: Citation 'Oliveira1999' on page 7 undefined on input line 142.


LaTeX Warning: Citation 'Donald2022' on page 7 undefined on input line 146.


LaTeX Warning: Citation 'Miller2007' on page 7 undefined on input line 148.


LaTeX Warning: Citation 'Ohm2014' on page 7 undefined on input line 151.


LaTeX Warning: Citation 'Miller2014' on page 7 undefined on input line 152.

[7]

LaTeX Warning: Citation 'Mann1969' on page 8 undefined on input line 155.


LaTeX Warning: Citation 'Miller2006' on page 8 undefined on input line 157.


LaTeX Warning: Citation 'Miller2009' on page 8 undefined on input line 159.


LaTeX Warning: Citation 'Miller2007' on page 8 undefined on input line 160.

[8] [9] [10] [11]
! Undefined control sequence.
l.253 ...into its own $ 200 \times 200$ matrix \as
                                                   shown in figure ***.
The control sequence at the end of the top line
of your error message was never \def'ed. If you have
misspelled it (e.g., `\hobx'), type `I' and the correct
spelling (e.g., `I\hbox'). Otherwise just continue,
and I'll forget about whatever was undefined.

[12] [13]
\GenericError {               }{LaTeX Error: Can be used only in preamble}{See 
the LaTeX manual or LaTeX Companion for explanation.}{Your command was ignored.
\MessageBreak Type  I <command> <return>  to replace it with another command,\M
essageBreak or  <return>  to continue without it.}{References.bib}
[14]

LaTeX Warning: No positions in optional float specifier.
               Default added (so using `tbp') on input line 350.

! Undefined control sequence.
<recently read> \Beta 
                      
l.355     growth xi intercept vacant $\Beta
                                           _{01}^g$ & -5.210899 (-5.686865, ...
The control sequence at the end of the top line
of your error message was never \def'ed. If you have
misspelled it (e.g., `\hobx'), type `I' and the correct
spelling (e.g., `I\hbox'). Otherwise just continue,
and I'll forget about whatever was undefined.

! Undefined control sequence.
<recently read> \Beta 
                      
l.356     growth xi intercept other $\Beta
                                          _{02}^g$ & -5.8288 (-5.956217, 1.7...
The control sequence at the end of the top line
of your error message was never \def'ed. If you have
misspelled it (e.g., `\hobx'), type `I' and the correct
spelling (e.g., `I\hbox'). Otherwise just continue,
and I'll forget about whatever was undefined.

! Undefined control sequence.
<recently read> \Beta 
                      
l.357 ... xi intercept \textit{C. opuntiae} $\Beta
                                                  _{03}^g$ & -4.529523 (-6.0...
The control sequence at the end of the top line
of your error message was never \def'ed. If you have
misspelled it (e.g., `\hobx'), type `I' and the correct
spelling (e.g., `I\hbox'). Otherwise just continue,
and I'll forget about whatever was undefined.

! Undefined control sequence.
<recently read> \Beta 
                      
l.358 ...i intercept \textit{L. apiculatum} $\Beta
                                                  _{04}^g$ & -5.106802 (-5.4...
The control sequence at the end of the top line
of your error message was never \def'ed. If you have
misspelled it (e.g., `\hobx'), type `I' and the correct
spelling (e.g., `I\hbox'). Otherwise just continue,
and I'll forget about whatever was undefined.

! Undefined control sequence.
<recently read> \Beta 
                      
l.359     growth xi size dependent vacant $\Beta
                                                _{11}^g$ & & \\
The control sequence at the end of the top line
of your error message was never \def'ed. If you have
misspelled it (e.g., `\hobx'), type `I' and the correct
spelling (e.g., `I\hbox'). Otherwise just continue,
and I'll forget about whatever was undefined.

! Undefined control sequence.
<recently read> \Beta 
                      
l.360     growth xi size dependent other $\Beta
                                               _{12}^g$ & & \\
The control sequence at the end of the top line
of your error message was never \def'ed. If you have
misspelled it (e.g., `\hobx'), type `I' and the correct
spelling (e.g., `I\hbox'). Otherwise just continue,
and I'll forget about whatever was undefined.

! Undefined control sequence.
<recently read> \Beta 
                      
l.361 ...ize dependent \textit{C. opuntiae} $\Beta
                                                  _{13}^g$ & & \\
The control sequence at the end of the top line
of your error message was never \def'ed. If you have
misspelled it (e.g., `\hobx'), type `I' and the correct
spelling (e.g., `I\hbox'). Otherwise just continue,
and I'll forget about whatever was undefined.

! Undefined control sequence.
<recently read> \Beta 
                      
l.362 ...e dependent \textit{L. apiculatum} $\Beta
                                                  _{14}^g$ & & \\
The control sequence at the end of the top line
of your error message was never \def'ed. If you have
misspelled it (e.g., `\hobx'), type `I' and the correct
spelling (e.g., `I\hbox'). Otherwise just continue,
and I'll forget about whatever was undefined.

! Undefined control sequence.
<recently read> \Beta 
                      
l.373     survival intercept vacant $\Beta
                                          _{01}^s$ & & \\
The control sequence at the end of the top line
of your error message was never \def'ed. If you have
misspelled it (e.g., `\hobx'), type `I' and the correct
spelling (e.g., `I\hbox'). Otherwise just continue,
and I'll forget about whatever was undefined.

! Undefined control sequence.
<recently read> \Beta 
                      
l.374     survival intercept other $\Beta
                                         _{02}^s$ & & \\
The control sequence at the end of the top line
of your error message was never \def'ed. If you have
misspelled it (e.g., `\hobx'), type `I' and the correct
spelling (e.g., `I\hbox'). Otherwise just continue,
and I'll forget about whatever was undefined.

! Undefined control sequence.
<recently read> \Beta 
                      
l.375 ...ival intercept \textit{C.opuntiae} $\Beta
                                                  _{03}^s$ & & \\
The control sequence at the end of the top line
of your error message was never \def'ed. If you have
misspelled it (e.g., `\hobx'), type `I' and the correct
spelling (e.g., `I\hbox'). Otherwise just continue,
and I'll forget about whatever was undefined.

! Undefined control sequence.
<recently read> \Beta 
                      
l.376 ...l intercept \textit{L. apiculatum} $\Beta
                                                  _{04}^s$ & & \\
The control sequence at the end of the top line
of your error message was never \def'ed. If you have
misspelled it (e.g., `\hobx'), type `I' and the correct
spelling (e.g., `I\hbox'). Otherwise just continue,
and I'll forget about whatever was undefined.

! Undefined control sequence.
<recently read> \Beta 
                      
l.377     survival size dependent vacant $\Beta
                                               _{11}^s$ & & \\
The control sequence at the end of the top line
of your error message was never \def'ed. If you have
misspelled it (e.g., `\hobx'), type `I' and the correct
spelling (e.g., `I\hbox'). Otherwise just continue,
and I'll forget about whatever was undefined.

! Undefined control sequence.
<recently read> \Beta 
                      
l.378     survival size dependent other $\Beta
                                              _{12}^s$ & & \\
The control sequence at the end of the top line
of your error message was never \def'ed. If you have
misspelled it (e.g., `\hobx'), type `I' and the correct
spelling (e.g., `I\hbox'). Otherwise just continue,
and I'll forget about whatever was undefined.

! Undefined control sequence.
<recently read> \Beta 
                      
l.379 ...ize dependent \textit{C. opuntiae} $\Beta
                                                  _{13}^s$ & & \\
The control sequence at the end of the top line
of your error message was never \def'ed. If you have
misspelled it (e.g., `\hobx'), type `I' and the correct
spelling (e.g., `I\hbox'). Otherwise just continue,
and I'll forget about whatever was undefined.

! Undefined control sequence.
<recently read> \Beta 
                      
l.380 ...e dependent \textit{L. apiculatum} $\Beta
                                                  _{14}^s$ & & \\
The control sequence at the end of the top line
of your error message was never \def'ed. If you have
misspelled it (e.g., `\hobx'), type `I' and the correct
spelling (e.g., `I\hbox'). Otherwise just continue,
and I'll forget about whatever was undefined.

! Undefined control sequence.
<recently read> \Beta 
                      
l.383     flowering intercept $\Beta
                                    _0^f$ & & \\
The control sequence at the end of the top line
of your error message was never \def'ed. If you have
misspelled it (e.g., `\hobx'), type `I' and the correct
spelling (e.g., `I\hbox'). Otherwise just continue,
and I'll forget about whatever was undefined.

! Undefined control sequence.
<recently read> \Beta 
                      
l.384     flowering size dependent $\Beta
                                         _1^f$ & & \\
The control sequence at the end of the top line
of your error message was never \def'ed. If you have
misspelled it (e.g., `\hobx'), type `I' and the correct
spelling (e.g., `I\hbox'). Otherwise just continue,
and I'll forget about whatever was undefined.

! Undefined control sequence.
<recently read> \Beta 
                      
l.387     viability intercept vacant $\Beta
                                           _01^v$ & & \\
The control sequence at the end of the top line
of your error message was never \def'ed. If you have
misspelled it (e.g., `\hobx'), type `I' and the correct
spelling (e.g., `I\hbox'). Otherwise just continue,
and I'll forget about whatever was undefined.

! Undefined control sequence.
<recently read> \Beta 
                      
l.388     viability intercept other $\Beta
                                          02^v$ & & \\
The control sequence at the end of the top line
of your error message was never \def'ed. If you have
misspelled it (e.g., `\hobx'), type `I' and the correct
spelling (e.g., `I\hbox'). Otherwise just continue,
and I'll forget about whatever was undefined.

! Undefined control sequence.
<recently read> \Beta 
                      
l.389 ...ity intercept \textit{C. opuntiae} $\Beta
                                                  _03^v$ & & \\
The control sequence at the end of the top line
of your error message was never \def'ed. If you have
misspelled it (e.g., `\hobx'), type `I' and the correct
spelling (e.g., `I\hbox'). Otherwise just continue,
and I'll forget about whatever was undefined.

! Undefined control sequence.
<recently read> \Beta 
                      
l.390 ...y intercept \textit{L. apiculatum} $\Beta
                                                  _04^v$ & &
The control sequence at the end of the top line
of your error message was never \def'ed. If you have
misspelled it (e.g., `\hobx'), type `I' and the correct
spelling (e.g., `I\hbox'). Otherwise just continue,
and I'll forget about whatever was undefined.


Overfull \hbox (16.16058pt too wide) in paragraph at lines 351--392
[][] 
 []


LaTeX Warning: Float too large for page by 52.0485pt on input line 392.


! LaTeX Error: There's no line here to end.

See the LaTeX manual or LaTeX Companion for explanation.
Type  H <return>  for immediate help.
 ...                                              
                                                  
l.395 {
       \footnotesize Note: Table titles should be short. Further details sho...

Your command was ignored.
Type  I <command> <return>  to replace it with another command,
or  <return>  to continue without it.

! Too many }'s.
\@endfloatbox ...pagefalse \outer@nobreak \egroup 
                                                  \color@endbox 
l.396 \end{table}
                 
You've closed more groups than you opened.
Such booboos are generally harmless, so keep going.

! Extra \endgroup.
\color@endgroup ->\endgraf \endgroup 
                                     
l.396 \end{table}
                 
Things are pretty mixed up, but I think the worst is over.

! Too many }'s.
\color@endbox ->\color@endgroup \egroup 
                                        
l.396 \end{table}
                 
You've closed more groups than you opened.
Such booboos are generally harmless, so keep going.


! LaTeX Error: \begin{document} ended by \end{table}.

See the LaTeX manual or LaTeX Companion for explanation.
Type  H <return>  for immediate help.
 ...                                              
                                                  
l.396 \end{table}
                 
Your command was ignored.
Type  I <command> <return>  to replace it with another command,
or  <return>  to continue without it.

! Extra \endgroup.
<recently read> \endgroup 
                          
l.396 \end{table}
                 
Things are pretty mixed up, but I think the worst is over.

[15] [16]

Package natbib Warning: Citation `LemKapEx07' on page 17 undefined on input lin
e 429.


Package natbib Warning: Citation `LemKapEx07' on page 17 undefined on input lin
e 429.


Package natbib Warning: There were undefined citations.

[17] (./Manuscript_Am_Nat.aux)

LaTeX Warning: There were undefined references.


LaTeX Warning: Label(s) may have changed. Rerun to get cross-references right.


Package biblatex Warning: Please (re)run Biber on the file:
(biblatex)                Manuscript_Am_Nat
(biblatex)                and rerun LaTeX afterwards.

Package logreq Info: Writing requests to 'Manuscript_Am_Nat.run.xml'.
\openout1 = `Manuscript_Am_Nat.run.xml'.

 ) 
Here is how much of TeX's memory you used:
 9637 strings out of 478268
 183982 string characters out of 5846347
 893905 words of memory out of 5000000
 27750 multiletter control sequences out of 15000+600000
 503158 words of font info for 111 fonts, out of 8000000 for 9000
 1141 hyphenation exceptions out of 8191
 60i,10n,68p,1671b,1151s stack positions out of 10000i,1000n,20000p,200000b,200000s
{/usr/local/texlive/2022/texmf-dist/fonts/enc/dvips/base/8r.enc}</usr/local/t
exlive/2022/texmf-dist/fonts/type1/public/amsfonts/cm/cmex10.pfb></usr/local/te
xlive/2022/texmf-dist/fonts/type1/public/amsfonts/cm/cmr10.pfb></usr/local/texl
ive/2022/texmf-dist/fonts/type1/public/amsfonts/cm/cmss8.pfb></usr/local/texliv
e/2022/texmf-dist/fonts/type1/public/amsfonts/cm/cmsy10.pfb></usr/local/texlive
/2022/texmf-dist/fonts/type1/public/mathpazo/fplmr.pfb></usr/local/texlive/2022
/texmf-dist/fonts/type1/public/mathpazo/fplmri.pfb></usr/local/texlive/2022/tex
mf-dist/fonts/type1/urw/palatino/uplb8a.pfb></usr/local/texlive/2022/texmf-dist
/fonts/type1/urw/palatino/uplr8a.pfb></usr/local/texlive/2022/texmf-dist/fonts/
type1/urw/palatino/uplri8a.pfb>
Output written on Manuscript_Am_Nat.pdf (17 pages, 140563 bytes).
PDF statistics:
 105 PDF objects out of 1000 (max. 8388607)
 67 compressed objects within 1 object stream
 0 named destinations out of 1000 (max. 500000)
 1 words of extra memory for PDF output out of 10000 (max. 10000000)

